Performing C SOURCE FILE Test CMAKE_HAVE_LIBC_PTHREAD failed with the following output:
Change Dir: /home/yang/my_ws/src/BCSH_Arm/cmake-build-debug/CMakeFiles/CMakeTmp

Run Build Command(s):/usr/bin/make cmTC_02d77/fast && /usr/bin/make -f CMakeFiles/cmTC_02d77.dir/build.make CMakeFiles/cmTC_02d77.dir/build
make[1]: 进入目录“/home/yang/my_ws/src/BCSH_Arm/cmake-build-debug/CMakeFiles/CMakeTmp”
Building C object CMakeFiles/cmTC_02d77.dir/src.c.o
/usr/bin/cc   -DCMAKE_HAVE_LIBC_PTHREAD   -o CMakeFiles/cmTC_02d77.dir/src.c.o   -c /home/yang/my_ws/src/BCSH_Arm/cmake-build-debug/CMakeFiles/CMakeTmp/src.c
Linking C executable cmTC_02d77
/home/yang/下载/CLion-2019.3.4/clion-2019.3.4/bin/cmake/linux/bin/cmake -E cmake_link_script CMakeFiles/cmTC_02d77.dir/link.txt --verbose=1
/usr/bin/cc  -DCMAKE_HAVE_LIBC_PTHREAD    -rdynamic CMakeFiles/cmTC_02d77.dir/src.c.o  -o cmTC_02d77 
CMakeFiles/cmTC_02d77.dir/src.c.o：在函数‘main’中：
src.c:(.text+0x3e)：对‘pthread_create’未定义的引用
src.c:(.text+0x4a)：对‘pthread_detach’未定义的引用
src.c:(.text+0x5b)：对‘pthread_join’未定义的引用
src.c:(.text+0x6f)：对‘pthread_atfork’未定义的引用
collect2: error: ld returned 1 exit status
CMakeFiles/cmTC_02d77.dir/build.make:86: recipe for target 'cmTC_02d77' failed
make[1]: *** [cmTC_02d77] Error 1
make[1]: 离开目录“/home/yang/my_ws/src/BCSH_Arm/cmake-build-debug/CMakeFiles/CMakeTmp”
Makefile:121: recipe for target 'cmTC_02d77/fast' failed
make: *** [cmTC_02d77/fast] Error 2


Source file was:
#include <pthread.h>

void* test_func(void* data)
{
  return data;
}

int main(void)
{
  pthread_t thread;
  pthread_create(&thread, NULL, test_func, NULL);
  pthread_detach(thread);
  pthread_join(thread, NULL);
  pthread_atfork(NULL, NULL, NULL);
  pthread_exit(NULL);

  return 0;
}

Determining if the function pthread_create exists in the pthreads failed with the following output:
Change Dir: /home/yang/my_ws/src/BCSH_Arm/cmake-build-debug/CMakeFiles/CMakeTmp

Run Build Command(s):/usr/bin/make cmTC_2df51/fast && /usr/bin/make -f CMakeFiles/cmTC_2df51.dir/build.make CMakeFiles/cmTC_2df51.dir/build
make[1]: 进入目录“/home/yang/my_ws/src/BCSH_Arm/cmake-build-debug/CMakeFiles/CMakeTmp”
Building C object CMakeFiles/cmTC_2df51.dir/CheckFunctionExists.c.o
/usr/bin/cc   -DCHECK_FUNCTION_EXISTS=pthread_create   -o CMakeFiles/cmTC_2df51.dir/CheckFunctionExists.c.o   -c /home/yang/下载/CLion-2019.3.4/clion-2019.3.4/bin/cmake/linux/share/cmake-3.15/Modules/CheckFunctionExists.c
Linking C executable cmTC_2df51
/home/yang/下载/CLion-2019.3.4/clion-2019.3.4/bin/cmake/linux/bin/cmake -E cmake_link_script CMakeFiles/cmTC_2df51.dir/link.txt --verbose=1
/usr/bin/cc  -DCHECK_FUNCTION_EXISTS=pthread_create    -rdynamic CMakeFiles/cmTC_2df51.dir/CheckFunctionExists.c.o  -o cmTC_2df51 -lpthreads 
/usr/bin/ld: 找不到 -lpthreads
collect2: error: ld returned 1 exit status
CMakeFiles/cmTC_2df51.dir/build.make:86: recipe for target 'cmTC_2df51' failed
make[1]: *** [cmTC_2df51] Error 1
make[1]: 离开目录“/home/yang/my_ws/src/BCSH_Arm/cmake-build-debug/CMakeFiles/CMakeTmp”
Makefile:121: recipe for target 'cmTC_2df51/fast' failed
make: *** [cmTC_2df51/fast] Error 2



